<?xml version="1.0" encoding="UTF-8"?>
<!-- Generated by org.testng.reporters.JUnitXMLReporter -->
<testsuite ignored="0" hostname="DESKTOP-MUG33TE" failures="0" tests="6" name="Test" time="0.274" errors="0" timestamp="2023-01-16T18:06:05 IST">
  <testcase classname="com.sample.page.Sample_Test_01" name="Economy" time="0.02"/>
  <testcase classname="com.sample.page.Sample_Test_01" name="Polity" time="0.009"/>
  <testcase classname="com.sample.page.Sample_Test_03" name="Environment" time="0.01"/>
  <testcase classname="com.sample.page.Sample_Test_03" name="Geography" time="0.004"/>
  <testcase classname="com.sample.page.Sample_Test_02" name="History" time="0.009"/>
  <testcase classname="com.sample.page.Sample_Test_02" name="Society" time="0.012"/>
</testsuite> <!-- Test -->
