<?xml version="1.0" encoding="UTF-8"?>
<!-- Generated by org.testng.reporters.JUnitXMLReporter -->
<testsuite ignored="0" hostname="DESKTOP-MUG33TE" failures="0" tests="9" name="com.sample.page" time="0.398" errors="0" timestamp="2023-01-18T11:32:34 IST">
  <testcase classname="com.sample.page.CreatePage" name="create" time="0.023"/>
  <testcase classname="com.sample.page.CreatePage" name="modify" time="0.02"/>
  <testcase classname="com.sample.page.DataPage" name="connectToDB" time="0.006"/>
  <testcase classname="com.sample.page.Sample_Test_01" name="Economy" time="0.006"/>
  <testcase classname="com.sample.page.Sample_Test_01" name="Polity" time="0.008"/>
  <testcase classname="com.sample.page.Sample_Test_02" name="History" time="0.012"/>
  <testcase classname="com.sample.page.Sample_Test_02" name="Society" time="0.007"/>
  <testcase classname="com.sample.page.Sample_Test_03" name="Environment" time="0.009"/>
  <testcase classname="com.sample.page.Sample_Test_03" name="Geography" time="0.017"/>
</testsuite> <!-- com.sample.page -->
